#
# There is insufficient memory for the Java Runtime Environment to continue.
# Native memory allocation (malloc) failed to allocate 1161776 bytes for Chunk::new
# Possible reasons:
#   The system is out of physical RAM or swap space
#   In 32 bit mode, the process size limit was hit
# Possible solutions:
#   Reduce memory load on the system
#   Increase physical memory or swap space
#   Check if swap backing store is full
#   Use 64 bit Java on a 64 bit OS
#   Decrease Java heap size (-Xmx/-Xms)
#   Decrease number of Java threads
#   Decrease Java thread stack sizes (-Xss)
#   Set larger code cache with -XX:ReservedCodeCacheSize=
# This output file may be truncated or incomplete.
#
#  Out of Memory Error (allocation.cpp:390), pid=12848, tid=0x0000000000001ff0
#
# JRE version: Java(TM) SE Runtime Environment (8.0_102-b14) (build 1.8.0_102-b14)
# Java VM: Java HotSpot(TM) 64-Bit Server VM (25.102-b14 mixed mode windows-amd64 compressed oops)
# Failed to write core dump. Minidumps are not enabled by default on client versions of Windows
#

---------------  T H R E A D  ---------------

Current thread (0x00000000150ef000):  JavaThread "C2 CompilerThread0" daemon [_thread_in_native, id=8176, stack(0x0000000016730000,0x0000000016830000)]

Stack: [0x0000000016730000,0x0000000016830000]
[error occurred during error reporting (printing stack bounds), id 0xc0000005]

Native frames: (J=compiled Java code, j=interpreted, Vv=VM code, C=native code)


Current CompileTask:
C2:   7048 3393       4       org.gradle.model.internal.type.ModelType::wrap (219 bytes)


---------------  P R O C E S S  ---------------

Java Threads: ( => current thread )
  0x000000001de2a800 JavaThread "Memory manager" [_thread_blocked, id=8364, stack(0x0000000020470000,0x0000000020570000)]
  0x000000001de27800 JavaThread "build operations Thread 4" [_thread_blocked, id=15540, stack(0x000000001ff70000,0x0000000020070000)]
  0x000000001de23800 JavaThread "build operations Thread 3" [_thread_blocked, id=13836, stack(0x000000001fe70000,0x000000001ff70000)]
  0x000000001de24800 JavaThread "build operations Thread 2" [_thread_blocked, id=14332, stack(0x000000001fd70000,0x000000001fe70000)]
  0x00000000180be800 JavaThread "build operations" [_thread_blocked, id=11416, stack(0x000000001fc70000,0x000000001fd70000)]
  0x00000000180c1800 JavaThread "Cache worker for Artifact transforms cache (C:\Users\normanbanzon\.gradle\caches\transforms-1)" [_thread_blocked, id=4872, stack(0x000000001d4f0000,0x000000001d5f0000)]
  0x00000000180c3000 JavaThread "Cache worker for file hash cache (D:\workspace2017\react\ExpenseApp\android\.gradle\4.4\fileHashes)" [_thread_blocked, id=1344, stack(0x000000001ccf0000,0x000000001cdf0000)]
  0x00000000180c2000 JavaThread "File lock request listener" [_thread_in_native, id=14016, stack(0x000000001bc20000,0x000000001bd20000)]
  0x00000000180bf000 JavaThread "Cache worker for file hash cache (C:\Users\normanbanzon\.gradle\caches\4.4\fileHashes)" [_thread_blocked, id=12208, stack(0x000000001ab50000,0x000000001ac50000)]
  0x0000000017e94000 JavaThread "Stdin handler" [_thread_blocked, id=13180, stack(0x0000000019880000,0x0000000019980000)]
  0x0000000017e92800 JavaThread "Asynchronous log dispatcher for DefaultDaemonConnection: socket connection from /127.0.0.1:51575 to /127.0.0.1:51576" [_thread_blocked, id=5020, stack(0x0000000019780000,0x0000000019880000)]
  0x0000000017ebd000 JavaThread "Daemon worker" [_thread_in_Java, id=16176, stack(0x0000000019680000,0x0000000019780000)]
  0x0000000017ebc000 JavaThread "Cancel handler" [_thread_blocked, id=11232, stack(0x0000000019580000,0x0000000019680000)]
  0x0000000017f73800 JavaThread "Handler for socket connection from /127.0.0.1:51575 to /127.0.0.1:51576" [_thread_in_native, id=13508, stack(0x0000000019280000,0x0000000019380000)]
  0x000000001805d800 JavaThread "Daemon" [_thread_blocked, id=16116, stack(0x0000000019180000,0x0000000019280000)]
  0x0000000017e16000 JavaThread "Daemon periodic checks" [_thread_blocked, id=16292, stack(0x0000000019080000,0x0000000019180000)]
  0x0000000017ee4800 JavaThread "Incoming local TCP Connector on port 51575" [_thread_in_native, id=8060, stack(0x0000000018e40000,0x0000000018f40000)]
  0x0000000017d25800 JavaThread "Daemon health stats" [_thread_blocked, id=10060, stack(0x0000000018800000,0x0000000018900000)]
  0x0000000016a58800 JavaThread "Service Thread" daemon [_thread_blocked, id=1680, stack(0x0000000016e30000,0x0000000016f30000)]
  0x0000000015146800 JavaThread "C1 CompilerThread2" daemon [_thread_blocked, id=12800, stack(0x0000000016930000,0x0000000016a30000)]
  0x00000000150f4000 JavaThread "C2 CompilerThread1" daemon [_thread_in_native, id=8536, stack(0x0000000016830000,0x0000000016930000)]
=>0x00000000150ef000 JavaThread "C2 CompilerThread0" daemon [_thread_in_native, id=8176, stack(0x0000000016730000,0x0000000016830000)]
  0x00000000150ed000 JavaThread "Attach Listener" daemon [_thread_blocked, id=9344, stack(0x0000000016630000,0x0000000016730000)]
  0x00000000150ec000 JavaThread "Signal Dispatcher" daemon [_thread_blocked, id=7312, stack(0x0000000016530000,0x0000000016630000)]
  0x00000000150da800 JavaThread "Finalizer" daemon [_thread_blocked, id=5888, stack(0x0000000016340000,0x0000000016440000)]
  0x0000000002a10000 JavaThread "Reference Handler" daemon [_thread_blocked, id=15528, stack(0x0000000016240000,0x0000000016340000)]
  0x000000000281e800 JavaThread "main" [_thread_blocked, id=15820, stack(0x0000000002820000,0x0000000002920000)]

Other Threads:
  0x00000000150b8000 VMThread [stack: 0x0000000016140000,0x0000000016240000] [id=12600]
  0x0000000016a4c000 WatcherThread [stack: 0x0000000016f30000,0x0000000017030000] [id=14376]

VM state:not at safepoint (normal execution)

VM Mutex/Monitor currently owned by a thread: None

Heap:
 PSYoungGen      total 114688K, used 62978K [0x00000000eab00000, 0x00000000f2880000, 0x0000000100000000)
  eden space 103936K, 60% used [0x00000000eab00000,0x00000000ee880bd0,0x00000000f1080000)
  from space 10752K, 0% used [0x00000000f1c00000,0x00000000f1c00000,0x00000000f2680000)
  to   space 11776K, 0% used [0x00000000f1080000,0x00000000f1080000,0x00000000f1c00000)
 ParOldGen       total 54272K, used 17119K [0x00000000c0000000, 0x00000000c3500000, 0x00000000eab00000)
  object space 54272K, 31% used [0x00000000c0000000,0x00000000c10b7d80,0x00000000c3500000)
 Metaspace       used 37518K, capacity 38152K, committed 38576K, reserved 1083392K
  class space    used 5221K, capacity 5463K, committed 5552K, reserved 1048576K

Card table byte_map: [0x0000000011de0000,0x0000000011ff0000] byte_map_base: 0x00000000117e0000

Marking Bits: (ParMarkBitMap*) 0x0000000067e5a6c0
 Begin Bits: [0x0000000012550000, 0x0000000013550000)
 End Bits:   [0x0000000013550000, 0x0000000014550000)

Polling page: 0x0000000000900000

CodeCache: size=245760Kb used=12362Kb max_used=12503Kb free=233397Kb
 bounds [0x0000000002a20000, 0x0000000003660000, 0x0000000011a20000]
 total_blobs=4121 nmethods=3413 adapters=620
 compilation: enabled

Compilation events (10 events):
Event: 7.020 Thread 0x0000000015146800 3670       3       java.security.Provider::checkInitialized (16 bytes)
Event: 7.020 Thread 0x0000000015146800 nmethod 3670 0x000000000365c150 code [0x000000000365c2c0, 0x000000000365c508]
Event: 7.024 Thread 0x0000000015146800 3673       3       java.util.jar.Manifest::read (328 bytes)
Event: 7.026 Thread 0x0000000015146800 nmethod 3673 0x000000000365c610 code [0x000000000365c980, 0x000000000365e358]
Event: 7.038 Thread 0x0000000015146800 3679       2       java.util.Arrays::equals (54 bytes)
Event: 7.038 Thread 0x0000000015146800 nmethod 3679 0x0000000002b3c690 code [0x0000000002b3c800, 0x0000000002b3ca30]
Event: 7.038 Thread 0x0000000015146800 3680       2       java.util.Vector::<init> (7 bytes)
Event: 7.038 Thread 0x0000000015146800 nmethod 3680 0x0000000002ba6150 code [0x0000000002ba62c0, 0x0000000002ba6448]
Event: 7.039 Thread 0x0000000015146800 3681       2       java.util.Vector::<init> (49 bytes)
Event: 7.039 Thread 0x0000000015146800 nmethod 3681 0x0000000002bb4190 code [0x0000000002bb4340, 0x0000000002bb47d8]

GC Heap History (10 events):
Event: 4.099 GC heap before
{Heap before GC invocations=6 (full 1):
 PSYoungGen      total 71680K, used 5104K [0x00000000eab00000, 0x00000000ef600000, 0x0000000100000000)
  eden space 66560K, 0% used [0x00000000eab00000,0x00000000eab00000,0x00000000eec00000)
  from space 5120K, 99% used [0x00000000eec00000,0x00000000ef0fc040,0x00000000ef100000)
  to   space 5120K, 0% used [0x00000000ef100000,0x00000000ef100000,0x00000000ef600000)
 ParOldGen       total 87552K, used 8161K [0x00000000c0000000, 0x00000000c5580000, 0x00000000eab00000)
  object space 87552K, 9% used [0x00000000c0000000,0x00000000c07f8408,0x00000000c5580000)
 Metaspace       used 20932K, capacity 21188K, committed 21296K, reserved 1067008K
  class space    used 2972K, capacity 3074K, committed 3120K, reserved 1048576K
Event: 4.132 GC heap after
Heap after GC invocations=6 (full 1):
 PSYoungGen      total 71680K, used 0K [0x00000000eab00000, 0x00000000ef600000, 0x0000000100000000)
  eden space 66560K, 0% used [0x00000000eab00000,0x00000000eab00000,0x00000000eec00000)
  from space 5120K, 0% used [0x00000000eec00000,0x00000000eec00000,0x00000000ef100000)
  to   space 5120K, 0% used [0x00000000ef100000,0x00000000ef100000,0x00000000ef600000)
 ParOldGen       total 54272K, used 8013K [0x00000000c0000000, 0x00000000c3500000, 0x00000000eab00000)
  object space 54272K, 14% used [0x00000000c0000000,0x00000000c07d3648,0x00000000c3500000)
 Metaspace       used 20932K, capacity 21188K, committed 21296K, reserved 1067008K
  class space    used 2972K, capacity 3074K, committed 3120K, reserved 1048576K
}
Event: 5.189 GC heap before
{Heap before GC invocations=7 (full 1):
 PSYoungGen      total 71680K, used 66560K [0x00000000eab00000, 0x00000000ef600000, 0x0000000100000000)
  eden space 66560K, 100% used [0x00000000eab00000,0x00000000eec00000,0x00000000eec00000)
  from space 5120K, 0% used [0x00000000eec00000,0x00000000eec00000,0x00000000ef100000)
  to   space 5120K, 0% used [0x00000000ef100000,0x00000000ef100000,0x00000000ef600000)
 ParOldGen       total 54272K, used 8013K [0x00000000c0000000, 0x00000000c3500000, 0x00000000eab00000)
  object space 54272K, 14% used [0x00000000c0000000,0x00000000c07d3648,0x00000000c3500000)
 Metaspace       used 26402K, capacity 26832K, committed 26928K, reserved 1073152K
  class space    used 3709K, capacity 3863K, committed 3888K, reserved 1048576K
Event: 5.201 GC heap after
Heap after GC invocations=7 (full 1):
 PSYoungGen      total 67072K, used 5114K [0x00000000eab00000, 0x00000000f2e00000, 0x0000000100000000)
  eden space 61952K, 0% used [0x00000000eab00000,0x00000000eab00000,0x00000000ee780000)
  from space 5120K, 99% used [0x00000000ef100000,0x00000000ef5fe9e0,0x00000000ef600000)
  to   space 9728K, 0% used [0x00000000ee780000,0x00000000ee780000,0x00000000ef100000)
 ParOldGen       total 54272K, used 10275K [0x00000000c0000000, 0x00000000c3500000, 0x00000000eab00000)
  object space 54272K, 18% used [0x00000000c0000000,0x00000000c0a08f70,0x00000000c3500000)
 Metaspace       used 26402K, capacity 26832K, committed 26928K, reserved 1073152K
  class space    used 3709K, capacity 3863K, committed 3888K, reserved 1048576K
}
Event: 5.920 GC heap before
{Heap before GC invocations=8 (full 1):
 PSYoungGen      total 67072K, used 67066K [0x00000000eab00000, 0x00000000f2e00000, 0x0000000100000000)
  eden space 61952K, 100% used [0x00000000eab00000,0x00000000ee780000,0x00000000ee780000)
  from space 5120K, 99% used [0x00000000ef100000,0x00000000ef5fe9e0,0x00000000ef600000)
  to   space 9728K, 0% used [0x00000000ee780000,0x00000000ee780000,0x00000000ef100000)
 ParOldGen       total 54272K, used 10275K [0x00000000c0000000, 0x00000000c3500000, 0x00000000eab00000)
  object space 54272K, 18% used [0x00000000c0000000,0x00000000c0a08f70,0x00000000c3500000)
 Metaspace       used 29574K, capacity 30080K, committed 30256K, reserved 1075200K
  class space    used 4221K, capacity 4387K, committed 4400K, reserved 1048576K
Event: 5.929 GC heap after
Heap after GC invocations=8 (full 1):
 PSYoungGen      total 71680K, used 8788K [0x00000000eab00000, 0x00000000f2680000, 0x0000000100000000)
  eden space 61952K, 0% used [0x00000000eab00000,0x00000000eab00000,0x00000000ee780000)
  from space 9728K, 90% used [0x00000000ee780000,0x00000000ef015130,0x00000000ef100000)
  to   space 10752K, 0% used [0x00000000f1c00000,0x00000000f1c00000,0x00000000f2680000)
 ParOldGen       total 54272K, used 10283K [0x00000000c0000000, 0x00000000c3500000, 0x00000000eab00000)
  object space 54272K, 18% used [0x00000000c0000000,0x00000000c0a0af70,0x00000000c3500000)
 Metaspace       used 29574K, capacity 30080K, committed 30256K, reserved 1075200K
  class space    used 4221K, capacity 4387K, committed 4400K, reserved 1048576K
}
Event: 6.423 GC heap before
{Heap before GC invocations=9 (full 1):
 PSYoungGen      total 71680K, used 39348K [0x00000000eab00000, 0x00000000f2680000, 0x0000000100000000)
  eden space 61952K, 49% used [0x00000000eab00000,0x00000000ec8d8028,0x00000000ee780000)
  from space 9728K, 90% used [0x00000000ee780000,0x00000000ef015130,0x00000000ef100000)
  to   space 10752K, 0% used [0x00000000f1c00000,0x00000000f1c00000,0x00000000f2680000)
 ParOldGen       total 54272K, used 10283K [0x00000000c0000000, 0x00000000c3500000, 0x00000000eab00000)
  object space 54272K, 18% used [0x00000000c0000000,0x00000000c0a0af70,0x00000000c3500000)
 Metaspace       used 34736K, capacity 35350K, committed 35496K, reserved 1079296K
  class space    used 4871K, capacity 5104K, committed 5168K, reserved 1048576K
Event: 6.432 GC heap after
Heap after GC invocations=9 (full 1):
 PSYoungGen      total 114688K, used 10407K [0x00000000eab00000, 0x00000000f2880000, 0x0000000100000000)
  eden space 103936K, 0% used [0x00000000eab00000,0x00000000eab00000,0x00000000f1080000)
  from space 10752K, 96% used [0x00000000f1c00000,0x00000000f2629e20,0x00000000f2680000)
  to   space 11776K, 0% used [0x00000000f1080000,0x00000000f1080000,0x00000000f1c00000)
 ParOldGen       total 54272K, used 10291K [0x00000000c0000000, 0x00000000c3500000, 0x00000000eab00000)
  object space 54272K, 18% used [0x00000000c0000000,0x00000000c0a0cf70,0x00000000c3500000)
 Metaspace       used 34736K, capacity 35350K, committed 35496K, reserved 1079296K
  class space    used 4871K, capacity 5104K, committed 5168K, reserved 1048576K
}
Event: 6.432 GC heap before
{Heap before GC invocations=10 (full 2):
 PSYoungGen      total 114688K, used 10407K [0x00000000eab00000, 0x00000000f2880000, 0x0000000100000000)
  eden space 103936K, 0% used [0x00000000eab00000,0x00000000eab00000,0x00000000f1080000)
  from space 10752K, 96% used [0x00000000f1c00000,0x00000000f2629e20,0x00000000f2680000)
  to   space 11776K, 0% used [0x00000000f1080000,0x00000000f1080000,0x00000000f1c00000)
 ParOldGen       total 54272K, used 10291K [0x00000000c0000000, 0x00000000c3500000, 0x00000000eab00000)
  object space 54272K, 18% used [0x00000000c0000000,0x00000000c0a0cf70,0x00000000c3500000)
 Metaspace       used 34736K, capacity 35350K, committed 35496K, reserved 1079296K
  class space    used 4871K, capacity 5104K, committed 5168K, reserved 1048576K
Event: 6.494 GC heap after
Heap after GC invocations=10 (full 2):
 PSYoungGen      total 114688K, used 0K [0x00000000eab00000, 0x00000000f2880000, 0x0000000100000000)
  eden space 103936K, 0% used [0x00000000eab00000,0x00000000eab00000,0x00000000f1080000)
  from space 10752K, 0% used [0x00000000f1c00000,0x00000000f1c00000,0x00000000f2680000)
  to   space 11776K, 0% used [0x00000000f1080000,0x00000000f1080000,0x00000000f1c00000)
 ParOldGen       total 54272K, used 17119K [0x00000000c0000000, 0x00000000c3500000, 0x00000000eab00000)
  object space 54272K, 31% used [0x00000000c0000000,0x00000000c10b7d80,0x00000000c3500000)
 Metaspace       used 34736K, capacity 35350K, committed 35496K, reserved 1079296K
  class space    used 4871K, capacity 5104K, committed 5168K, reserved 1048576K
}

Deoptimization events (10 events):
Event: 6.208 Thread 0x0000000017ebd000 Uncommon trap: reason=predicate action=maybe_recompile pc=0x00000000033f1028 method=java.util.Arrays.binarySearch0([Ljava/lang/Object;IILjava/lang/Object;Ljava/util/Comparator;)I @ 28
Event: 6.241 Thread 0x0000000017ebd000 Uncommon trap: reason=unstable_if action=reinterpret pc=0x00000000031929bc method=sun.misc.MetaIndex.mayContain(Ljava/lang/String;)Z @ 38
Event: 6.579 Thread 0x0000000017ebd000 Uncommon trap: reason=range_check action=make_not_entrant pc=0x0000000002cdad9c method=java.lang.String.charAt(I)C @ 27
Event: 6.661 Thread 0x0000000017ebd000 Uncommon trap: reason=unstable_if action=reinterpret pc=0x0000000003351978 method=java.util.HashMap.putVal(ILjava/lang/Object;Ljava/lang/Object;ZZ)Ljava/lang/Object; @ 162
Event: 6.661 Thread 0x0000000017ebd000 Uncommon trap: reason=unstable_if action=reinterpret pc=0x0000000003327c20 method=java.util.HashMap.putVal(ILjava/lang/Object;Ljava/lang/Object;ZZ)Ljava/lang/Object; @ 162
Event: 6.661 Thread 0x0000000017ebd000 Uncommon trap: reason=unstable_if action=reinterpret pc=0x0000000002cd2010 method=java.util.HashMap.resize()[Ljava/util/HashMap$Node; @ 206
Event: 6.939 Thread 0x0000000017ebd000 Uncommon trap: reason=unstable_if action=reinterpret pc=0x0000000002d5c2fc method=java.util.jar.Attributes$Name.isDigit(C)Z @ 3
Event: 6.964 Thread 0x0000000017ebd000 Uncommon trap: reason=unstable_if action=reinterpret pc=0x0000000002e9e1fc method=java.lang.CharacterDataLatin1.isWhitespace(I)Z @ 14
Event: 7.020 Thread 0x0000000017ebd000 Uncommon trap: reason=unstable_if action=reinterpret pc=0x0000000002fa8dac method=java.security.CodeSource.getCertificates()[Ljava/security/cert/Certificate; @ 22
Event: 7.021 Thread 0x0000000017ebd000 Uncommon trap: reason=unstable_if action=reinterpret pc=0x000000000353849c method=java.security.CodeSource.matchCerts(Ljava/security/CodeSource;Z)Z @ 11

Internal exceptions (10 events):
Event: 5.949 Thread 0x0000000017ebd000 Exception <a 'java/lang/ClassNotFoundException': org/gradle/api/DefaultTaskCustomizer> (0x00000000eada4d18) thrown at [C:\re\workspace\8-2-build-windows-amd64-cygwin\jdk8u102\7268\hotspot\src\share\vm\classfile\systemDictionary.cpp, line 210]
Event: 5.949 Thread 0x0000000017ebd000 Exception <a 'java/lang/ClassNotFoundException': org/gradle/api/tasks/wrapper/WrapperCustomizer> (0x00000000eadea5a8) thrown at [C:\re\workspace\8-2-build-windows-amd64-cygwin\jdk8u102\7268\hotspot\src\share\vm\classfile\systemDictionary.cpp, line 210]
Event: 5.951 Thread 0x0000000017ebd000 Exception <a 'java/lang/ClassNotFoundException': org/gradle/api/tasks/wrapper/Wrapper_DecoratedCustomizer> (0x00000000eae6d850) thrown at [C:\re\workspace\8-2-build-windows-amd64-cygwin\jdk8u102\7268\hotspot\src\share\vm\classfile\systemDictionary.cpp, linà"Ói:Ñ@
Event: 5.954 Thread 0x0000000017ebd000 Exception <a 'java/lang/ClassNotFoundException': java/lang/StringBeanInfo> (0x00000000eaef5ff8) thrown at [C:\re\workspace\8-2-build-windows-amd64-cygwin\jdk8u102\7268\hotspot\src\share\vm\classfile\systemDictionary.cpp, line 210]
Event: 5.954 Thread 0x0000000017ebd000 Exception <a 'java/lang/ClassNotFoundException': java/lang/StringCustomizer> (0x00000000eaefdf60) thrown at [C:\re\workspace\8-2-build-windows-amd64-cygwin\jdk8u102\7268\hotspot\src\share\vm\classfile\systemDictionary.cpp, line 210]
Event: 6.054 Thread 0x0000000017ebd000 Exception <a 'java/lang/ClassNotFoundException': build_b703fdpk2k3da8hwj40myxzroBeanInfo> (0x00000000eafde878) thrown at [C:\re\workspace\8-2-build-windows-amd64-cygwin\jdk8u102\7268\hotspot\src\share\vm\classfile\systemDictionary.cpp, line 210]
Event: 6.054 Thread 0x0000000017ebd000 Exception <a 'java/lang/ClassNotFoundException': build_b703fdpk2k3da8hwj40myxzroCustomizer> (0x00000000eafe8bf8) thrown at [C:\re\workspace\8-2-build-windows-amd64-cygwin\jdk8u102\7268\hotspot\src\share\vm\classfile\systemDictionary.cpp, line 210]
Event: 6.059 Thread 0x0000000017ebd000 Exception <a 'java/lang/ClassNotFoundException': org/gradle/api/internal/plugins/DefaultObjectConfigurationActionBeanInfo> (0x00000000eb04e100) thrown at [C:\re\workspace\8-2-build-windows-amd64-cygwin\jdk8u102\7268\hotspot\src\share\vm\classfile\systemDic^ ÿPo<@
Event: 6.059 Thread 0x0000000017ebd000 Exception <a 'java/lang/ClassNotFoundException': org/gradle/api/internal/plugins/DefaultObjectConfigurationActionCustomizer> (0x00000000eb0ad120) thrown at [C:\re\workspace\8-2-build-windows-amd64-cygwin\jdk8u102\7268\hotspot\src\share\vm\classfile\systemD©rß_'@
Event: 6.517 Thread 0x0000000017ebd000 Exception <a 'sun/nio/fs/WindowsException'> (0x00000000eac8d598) thrown at [C:\re\workspace\8-2-build-windows-amd64-cygwin\jdk8u102\7268\hotspot\src\share\vm\prims\jni.cpp, line 709]

Events (10 events):
Event: 7.044 Thread 0x0000000017ebd000 DEOPT PACKING pc=0x0000000002e19ffe sp=0x0000000019777e50
Event: 7.044 Thread 0x0000000017ebd000 DEOPT UNPACKING pc=0x0000000002a6787f sp=0x0000000019777b50 mode 0
Event: 7.044 Thread 0x0000000017ebd000 DEOPT PACKING pc=0x0000000002e19ffe sp=0x0000000019777e50
Event: 7.044 Thread 0x0000000017ebd000 DEOPT UNPACKING pc=0x0000000002a6787f sp=0x0000000019777b50 mode 0
Event: 7.044 Thread 0x0000000017ebd000 DEOPT PACKING pc=0x0000000002e19ffe sp=0x0000000019777e50
Event: 7.044 Thread 0x0000000017ebd000 DEOPT UNPACKING pc=0x0000000002a6787f sp=0x0000000019777b50 mode 0
Event: 7.044 Thread 0x0000000017ebd000 DEOPT PACKING pc=0x0000000002e19ffe sp=0x0000000019777e50
Event: 7.044 Thread 0x0000000017ebd000 DEOPT UNPACKING pc=0x0000000002a6787f sp=0x0000000019777b50 mode 0
Event: 7.044 Thread 0x0000000017ebd000 DEOPT PACKING pc=0x0000000002e19ffe sp=0x0000000019777e50
Event: 7.044 Thread 0x0000000017ebd000 DEOPT UNPACKING pc=0x0000000002a6787f sp=0x0000000019777b50 mode 0


Dynamic libraries:
0x00007ff7c15e0000 - 0x00007ff7c1617000 	C:\Program Files\Java\jdk1.8.0_102\bin\java.exe
0x00007ffb94600000 - 0x00007ffb947e1000 	C:\WINDOWS\SYSTEM32\ntdll.dll
0x00007ffb91de0000 - 0x00007ffb91e92000 	C:\WINDOWS\System32\KERNEL32.DLL
0x00007ffb90cd0000 - 0x00007ffb90f43000 	C:\WINDOWS\System32\KERNELBASE.dll
0x00007ffb93fc0000 - 0x00007ffb94061000 	C:\WINDOWS\System32\ADVAPI32.dll
0x00007ffb94200000 - 0x00007ffb9429e000 	C:\WINDOWS\System32\msvcrt.dll
0x00007ffb91a90000 - 0x00007ffb91aeb000 	C:\WINDOWS\System32\sechost.dll
0x00007ffb91ea0000 - 0x00007ffb91fc4000 	C:\WINDOWS\System32\RPCRT4.dll
0x00007ffb92000000 - 0x00007ffb92190000 	C:\WINDOWS\System32\USER32.dll
0x00007ffb91140000 - 0x00007ffb91160000 	C:\WINDOWS\System32\win32u.dll
0x00007ffb93600000 - 0x00007ffb93628000 	C:\WINDOWS\System32\GDI32.dll
0x00007ffb909d0000 - 0x00007ffb90b62000 	C:\WINDOWS\System32\gdi32full.dll
0x00007ffb919f0000 - 0x00007ffb91a8f000 	C:\WINDOWS\System32\msvcp_win.dll
0x00007ffb911e0000 - 0x00007ffb912da000 	C:\WINDOWS\System32\ucrtbase.dll
0x00007ffb85980000 - 0x00007ffb85be9000 	C:\WINDOWS\WinSxS\amd64_microsoft.windows.common-controls_6595b64144ccf1df_6.0.17134.523_none_fb409dd930672a56\COMCTL32.dll
0x00007ffb93c30000 - 0x00007ffb93f52000 	C:\WINDOWS\System32\combase.dll
0x00007ffb91160000 - 0x00007ffb911da000 	C:\WINDOWS\System32\bcryptPrimitives.dll
0x00007ffb91fd0000 - 0x00007ffb91ffd000 	C:\WINDOWS\System32\IMM32.DLL
0x0000000067ee0000 - 0x0000000067fb1000 	C:\Program Files\Java\jdk1.8.0_102\jre\bin\msvcr100.dll
0x0000000067640000 - 0x0000000067eda000 	C:\Program Files\Java\jdk1.8.0_102\jre\bin\server\jvm.dll
0x00007ffb93c20000 - 0x00007ffb93c28000 	C:\WINDOWS\System32\PSAPI.DLL
0x00007ffb7fc70000 - 0x00007ffb7fc79000 	C:\WINDOWS\SYSTEM32\WSOCK32.dll
0x00007ffb94070000 - 0x00007ffb940dc000 	C:\WINDOWS\System32\WS2_32.dll
0x00007ffb8de30000 - 0x00007ffb8de53000 	C:\WINDOWS\SYSTEM32\WINMM.dll
0x00007ffb8ca30000 - 0x00007ffb8ca3a000 	C:\WINDOWS\SYSTEM32\VERSION.dll
0x00007ffb8de00000 - 0x00007ffb8de2a000 	C:\WINDOWS\SYSTEM32\WINMMBASE.dll
0x00007ffb90c80000 - 0x00007ffb90cc9000 	C:\WINDOWS\System32\cfgmgr32.dll
0x0000000067630000 - 0x000000006763f000 	C:\Program Files\Java\jdk1.8.0_102\jre\bin\verify.dll
0x0000000067600000 - 0x0000000067629000 	C:\Program Files\Java\jdk1.8.0_102\jre\bin\java.dll
0x00000000675e0000 - 0x00000000675f6000 	C:\Program Files\Java\jdk1.8.0_102\jre\bin\zip.dll
0x00007ffb921c0000 - 0x00007ffb93600000 	C:\WINDOWS\System32\SHELL32.dll
0x00007ffb940e0000 - 0x00007ffb94189000 	C:\WINDOWS\System32\shcore.dll
0x00007ffb912e0000 - 0x00007ffb919ed000 	C:\WINDOWS\System32\windows.storage.dll
0x00007ffb94570000 - 0x00007ffb945c1000 	C:\WINDOWS\System32\shlwapi.dll
0x00007ffb909b0000 - 0x00007ffb909c1000 	C:\WINDOWS\System32\kernel.appcore.dll
0x00007ffb90980000 - 0x00007ffb9099f000 	C:\WINDOWS\System32\profapi.dll
0x00007ffb90910000 - 0x00007ffb9095c000 	C:\WINDOWS\System32\powrprof.dll
0x00007ffb909a0000 - 0x00007ffb909aa000 	C:\WINDOWS\System32\FLTLIB.DLL
0x00000000675c0000 - 0x00000000675da000 	C:\Program Files\Java\jdk1.8.0_102\jre\bin\net.dll
0x00007ffb90190000 - 0x00007ffb901f6000 	C:\WINDOWS\system32\mswsock.dll
0x00000000675a0000 - 0x00000000675b1000 	C:\Program Files\Java\jdk1.8.0_102\jre\bin\nio.dll
0x00007ffb8f0a0000 - 0x00007ffb8f0be000 	C:\Users\normanbanzon\.gradle\native\25\windows-amd64\native-platform.dll
0x0000000067590000 - 0x000000006759d000 	C:\Program Files\Java\jdk1.8.0_102\jre\bin\management.dll
0x00007ffb90340000 - 0x00007ffb90357000 	C:\WINDOWS\SYSTEM32\CRYPTSP.dll
0x00007ffb8fd10000 - 0x00007ffb8fd43000 	C:\WINDOWS\system32\rsaenh.dll
0x00007ffb90470000 - 0x00007ffb90495000 	C:\WINDOWS\SYSTEM32\bcrypt.dll
0x00007ffb90840000 - 0x00007ffb90868000 	C:\WINDOWS\SYSTEM32\USERENV.dll
0x00007ffb90360000 - 0x00007ffb9036b000 	C:\WINDOWS\SYSTEM32\CRYPTBASE.dll
0x00007ffb8feb0000 - 0x00007ffb8fee8000 	C:\WINDOWS\SYSTEM32\IPHLPAPI.DLL
0x00007ffb941f0000 - 0x00007ffb941f8000 	C:\WINDOWS\System32\NSI.dll
0x00007ffb89010000 - 0x00007ffb89026000 	C:\WINDOWS\SYSTEM32\dhcpcsvc6.DLL
0x00007ffb88ff0000 - 0x00007ffb8900a000 	C:\WINDOWS\SYSTEM32\dhcpcsvc.DLL

VM Arguments:
jvm_args: -XX:+HeapDumpOnOutOfMemoryError -Xmx1024m -Dfile.encoding=windows-1252 -Duser.country=PH -Duser.language=en -Duser.variant 
java_command: org.gradle.launcher.daemon.bootstrap.GradleDaemon 4.4
java_class_path (initial): C:\Users\normanbanzon\.gradle\wrapper\dists\gradle-4.4-all\9br9xq1tocpiv8o6njlyu5op1\gradle-4.4\lib\gradle-launcher-4.4.jar
Launcher Type: SUN_STANDARD

Environment Variables:
CLASSPATH=D:\workspace2017\react\ExpenseApp\android\\gradle\wrapper\gradle-wrapper.jar
PATH=C:\Perl64\site\bin;C:\Perl64\bin;C:\ProgramData\Oracle\Java\javapath;c:\Program Files (x86)\Intel\iCLS Client\;c:\Program Files\Intel\iCLS Client\;C:\Program Files (x86)\NVIDIA Corporation\PhysX\Common;C:\WINDOWS\system32;C:\WINDOWS;C:\WINDOWS\System32\Wbem;C:\WINDOWS\System32\WindowsPowerShell\v1.0\;C:\Program Files\Intel\Intel(R) Management Engine Components\DAL;C:\Program Files\Intel\Intel(R) Management Engine Components\IPT;C:\Program Files (x86)\Intel\Intel(R) Management Engine Components\DAL;C:\Program Files (x86)\Intel\Intel(R) Management Engine Components\IPT;C:\Program Files\Hewlett-Packard\SimplePass\;C:\Program Files\Common Files\Autodesk Shared\;C:\OpenSSL\bin;C:\Program Files\Java\jdk1.8.0_25\bin;C:\Program Files\Git\cmd;C:\Program Files (x86)\MATLAB\MATLAB Compiler Runtime\v80\runtime\win32;C:\HashiCorp\Vagrant\bin;C:\Program Files (x86)\GtkSharp\2.12\bin;C:\Program Files\Microsoft SQL Server\130\Tools\Binn\;C:\Program Files\dotnet\;C:\WINDOWS\System32\OpenSSH\;C:\Users\admin\AppData\Roaming\nvm;C:\Program Files\nodejs;C:\Program Files\nodejs\;C:\Ruby25-x64\bin;C:\Program Files\Java\jdk1.8.0_102\bin;C:\Program Files\Git\usr\bin;C:\Windows\Microsoft.NET\Framework\v4.0.30319;C:\Python27;C:\Users\normanbanzon\AppData\Local\Microsoft\WindowsApps;C:\Users\normanbanzon\AppData\Local\Google\Cloud SDK\google-cloud-sdk\bin;C:\Users\normanbanzon\android_cli;C:\Users\normanbanzon\AppData\Roaming\npm;C:\Program Files\PostgreSQL\9.6\bin;C:\Users\normanbanzon\AppData\Local\Android\sdk\platform-tools;
USERNAME=normanbanzon
OS=Windows_NT
PROCESSOR_IDENTIFIER=Intel64 Family 6 Model 60 Stepping 3, GenuineIntel



---------------  S Y S T E M  ---------------

OS: Windows 10.0 , 64 bit Build 17134 (10.0.17134.1)

CPU:total 4 (4 cores per cpu, 1 threads per core) family 6 model 60 stepping 3, cmov, cx8, fxsr, mmx, sse, sse2, sse3, ssse3, sse4.1, sse4.2, popcnt, avx, avx2, aes, clmul, erms, lzcnt, tsc, tscinvbit, bmi1, bmi2

Memory: 4k page, physical 8325772k(1727504k free), swap 12520076k(5124k free)

vm_info: Java HotSpot(TM) 64-Bit Server VM (25.102-b14) for windows-amd64 JRE (1.8.0_102-b14), built on Jun 22 2016 13:15:21 by "java_re" with MS VC++ 10.0 (VS2010)

time: Thu Feb 07 17:22:00 2019
elapsed time: 7 seconds (0d 0h 0m 7s)

