#
# There is insufficient memory for the Java Runtime Environment to continue.
# Native memory allocation (malloc) failed to allocate 1048576 bytes for AllocateHeap
# Possible reasons:
#   The system is out of physical RAM or swap space
#   In 32 bit mode, the process size limit was hit
# Possible solutions:
#   Reduce memory load on the system
#   Increase physical memory or swap space
#   Check if swap backing store is full
#   Use 64 bit Java on a 64 bit OS
#   Decrease Java heap size (-Xmx/-Xms)
#   Decrease number of Java threads
#   Decrease Java thread stack sizes (-Xss)
#   Set larger code cache with -XX:ReservedCodeCacheSize=
# This output file may be truncated or incomplete.
#
#  Out of Memory Error (memory/allocation.inline.hpp:61), pid=11236, tid=0x00000000000009dc
#
# JRE version:  (8.0_102-b14) (build )
# Java VM: Java HotSpot(TM) 64-Bit Server VM (25.102-b14 mixed mode windows-amd64 compressed oops)
# Failed to write core dump. Minidumps are not enabled by default on client versions of Windows
#

---------------  T H R E A D  ---------------

Current thread (0x0000000002b8e000):  JavaThread "Unknown thread" [_thread_in_vm, id=2524, stack(0x0000000002b90000,0x0000000002c90000)]

Stack: [0x0000000002b90000,0x0000000002c90000]
[error occurred during error reporting (printing stack bounds), id 0xc0000005]

Native frames: (J=compiled Java code, j=interpreted, Vv=VM code, C=native code)


---------------  P R O C E S S  ---------------

Java Threads: ( => current thread )

Other Threads:

=>0x0000000002b8e000 (exited) JavaThread "Unknown thread" [_thread_in_vm, id=2524, stack(0x0000000002b90000,0x0000000002c90000)]

VM state:not at safepoint (normal execution)

VM Mutex/Monitor currently owned by a thread: None

Heap:
 PSYoungGen      total 38400K, used 665K [0x00000000d5a00000, 0x00000000d8480000, 0x0000000100000000)
  eden space 33280K, 2% used [0x00000000d5a00000,0x00000000d5aa6670,0x00000000d7a80000)
  from space 5120K, 0% used [0x00000000d7f80000,0x00000000d7f80000,0x00000000d8480000)
  to   space 5120K, 0% used [0x00000000d7a80000,0x00000000d7a80000,0x00000000d7f80000)
 ParOldGen       total 87552K, used 0K [0x0000000080e00000, 0x0000000086380000, 0x00000000d5a00000)
  object space 87552K, 0% used [0x0000000080e00000,0x0000000080e00000,0x0000000086380000)
 Metaspace       used 746K, capacity 4480K, committed 4480K, reserved 1056768K
  class space    used 75K, capacity 384K, committed 384K, reserved 1048576K

Card table byte_map: [0x0000000012150000,0x0000000012550000] byte_map_base: 0x0000000011d49000

Marking Bits: (ParMarkBitMap*) 0x0000000055dfa6c0
 Begin Bits: [0x0000000012c00000, 0x0000000014bc8000)
 End Bits:   [0x0000000014bc8000, 0x0000000016b90000)

Polling page: 0x0000000000d30000

CodeCache: size=245760Kb used=328Kb max_used=328Kb free=245431Kb
 bounds [0x0000000002d90000, 0x0000000003000000, 0x0000000011d90000]
 total_blobs=58 nmethods=0 adapters=38
 compilation: enabled

Compilation events (0 events):
No events

GC Heap History (0 events):
No events

Deoptimization events (0 events):
No events

Internal exceptions (0 events):
No events

Events (10 events):
Event: 0.151 loading class java/lang/Short
Event: 0.151 loading class java/lang/Short done
Event: 0.151 loading class java/lang/Integer
Event: 0.151 loading class java/lang/Integer done
Event: 0.151 loading class java/lang/Long
Event: 0.151 loading class java/lang/Long done
Event: 0.152 loading class java/lang/NullPointerException
Event: 0.152 loading class java/lang/NullPointerException done
Event: 0.152 loading class java/lang/ArithmeticException
Event: 0.152 loading class java/lang/ArithmeticException done


Dynamic libraries:
0x00007ff767710000 - 0x00007ff767747000 	C:\ProgramData\Oracle\Java\javapath\java.exe
0x00007fffe17c0000 - 0x00007fffe19a1000 	C:\WINDOWS\SYSTEM32\ntdll.dll
0x00007fffdf320000 - 0x00007fffdf3d2000 	C:\WINDOWS\System32\KERNEL32.DLL
0x00007fffddf40000 - 0x00007fffde1b3000 	C:\WINDOWS\System32\KERNELBASE.dll
0x00007fffdfeb0000 - 0x00007fffdff51000 	C:\WINDOWS\System32\ADVAPI32.dll
0x00007fffdfd40000 - 0x00007fffdfdde000 	C:\WINDOWS\System32\msvcrt.dll
0x00007fffdf520000 - 0x00007fffdf57b000 	C:\WINDOWS\System32\sechost.dll
0x00007fffdf3f0000 - 0x00007fffdf514000 	C:\WINDOWS\System32\RPCRT4.dll
0x00007fffdfbb0000 - 0x00007fffdfd40000 	C:\WINDOWS\System32\USER32.dll
0x00007fffddf20000 - 0x00007fffddf40000 	C:\WINDOWS\System32\win32u.dll
0x00007fffdfe80000 - 0x00007fffdfea8000 	C:\WINDOWS\System32\GDI32.dll
0x00007fffddb90000 - 0x00007fffddd22000 	C:\WINDOWS\System32\gdi32full.dll
0x00007fffde9d0000 - 0x00007fffdea6f000 	C:\WINDOWS\System32\msvcp_win.dll
0x00007fffde8d0000 - 0x00007fffde9ca000 	C:\WINDOWS\System32\ucrtbase.dll
0x00007fffd47f0000 - 0x00007fffd4a59000 	C:\WINDOWS\WinSxS\amd64_microsoft.windows.common-controls_6595b64144ccf1df_6.0.17134.523_none_fb409dd930672a56\COMCTL32.dll
0x00007fffdf7b0000 - 0x00007fffdfad2000 	C:\WINDOWS\System32\combase.dll
0x00007fffdea70000 - 0x00007fffdeaea000 	C:\WINDOWS\System32\bcryptPrimitives.dll
0x00007fffdfde0000 - 0x00007fffdfe0d000 	C:\WINDOWS\System32\IMM32.DLL
0x000000005a020000 - 0x000000005a0f1000 	C:\Program Files\Java\jre1.8.0_102\bin\msvcr100.dll
0x00000000555e0000 - 0x0000000055e7a000 	C:\Program Files\Java\jre1.8.0_102\bin\server\jvm.dll
0x00007fffdf0a0000 - 0x00007fffdf0a8000 	C:\WINDOWS\System32\PSAPI.DLL
0x00007fffda2d0000 - 0x00007fffda2da000 	C:\WINDOWS\SYSTEM32\VERSION.dll
0x00007fffdbc50000 - 0x00007fffdbc73000 	C:\WINDOWS\SYSTEM32\WINMM.dll
0x00007fffca5d0000 - 0x00007fffca5d9000 	C:\WINDOWS\SYSTEM32\WSOCK32.dll
0x00007fffdfe10000 - 0x00007fffdfe7c000 	C:\WINDOWS\System32\WS2_32.dll
0x00007fffdb740000 - 0x00007fffdb76a000 	C:\WINDOWS\SYSTEM32\winmmbase.dll
0x00007fffdeba0000 - 0x00007fffdebe9000 	C:\WINDOWS\System32\cfgmgr32.dll
0x000000005a010000 - 0x000000005a01f000 	C:\Program Files\Java\jre1.8.0_102\bin\verify.dll
0x0000000059fe0000 - 0x000000005a009000 	C:\Program Files\Java\jre1.8.0_102\bin\java.dll
0x0000000059fc0000 - 0x0000000059fd6000 	C:\Program Files\Java\jre1.8.0_102\bin\zip.dll

VM Arguments:
java_command: <unknown>
java_class_path (initial): .
Launcher Type: SUN_STANDARD

Environment Variables:
PATH=C:\Perl64\site\bin;C:\Perl64\bin;C:\ProgramData\Oracle\Java\javapath;c:\Program Files (x86)\Intel\iCLS Client\;c:\Program Files\Intel\iCLS Client\;C:\Program Files (x86)\NVIDIA Corporation\PhysX\Common;C:\WINDOWS\system32;C:\WINDOWS;C:\WINDOWS\System32\Wbem;C:\WINDOWS\System32\WindowsPowerShell\v1.0\;C:\Program Files\Intel\Intel(R) Management Engine Components\DAL;C:\Program Files\Intel\Intel(R) Management Engine Components\IPT;C:\Program Files (x86)\Intel\Intel(R) Management Engine Components\DAL;C:\Program Files (x86)\Intel\Intel(R) Management Engine Components\IPT;C:\Program Files\Hewlett-Packard\SimplePass\;C:\Program Files\Common Files\Autodesk Shared\;C:\OpenSSL\bin;C:\Program Files\Java\jdk1.8.0_25\bin;C:\Program Files\Git\cmd;C:\Program Files (x86)\MATLAB\MATLAB Compiler Runtime\v80\runtime\win32;C:\HashiCorp\Vagrant\bin;C:\Program Files (x86)\GtkSharp\2.12\bin;C:\Program Files\Microsoft SQL Server\130\Tools\Binn\;C:\Program Files\dotnet\;C:\WINDOWS\System32\OpenSSH\;C:\Users\admin\AppData\Roaming\nvm;C:\Program Files\nodejs;C:\Program Files\nodejs\;C:\Ruby25-x64\bin;C:\Program Files\Java\jdk1.8.0_102\bin;C:\Program Files\Git\usr\bin;C:\Windows\Microsoft.NET\Framework\v4.0.30319;C:\Python27;C:\Users\normanbanzon\AppData\Local\Microsoft\WindowsApps;C:\Users\normanbanzon\AppData\Local\Google\Cloud SDK\google-cloud-sdk\bin;C:\Users\normanbanzon\android_cli;C:\Users\normanbanzon\AppData\Roaming\npm;C:\Program Files\PostgreSQL\9.6\bin;
USERNAME=normanbanzon
OS=Windows_NT
PROCESSOR_IDENTIFIER=Intel64 Family 6 Model 60 Stepping 3, GenuineIntel



---------------  S Y S T E M  ---------------

OS: Windows 10.0 , 64 bit Build 17134 (10.0.17134.1)

CPU:total 4 (4 cores per cpu, 1 threads per core) family 6 model 60 stepping 3, cmov, cx8, fxsr, mmx, sse, sse2, sse3, ssse3, sse4.1, sse4.2, popcnt, avx, avx2, aes, clmul, erms, lzcnt, tsc, tscinvbit, bmi1, bmi2

Memory: 4k page, physical 8325772k(1596672k free), swap 12520076k(30880k free)

vm_info: Java HotSpot(TM) 64-Bit Server VM (25.102-b14) for windows-amd64 JRE (1.8.0_102-b14), built on Jun 22 2016 13:15:21 by "java_re" with MS VC++ 10.0 (VS2010)

time: Wed Jan 23 14:44:42 2019
elapsed time: 0 seconds (0d 0h 0m 0s)

